<?xml version="1.0" encoding="UTF-8"?>
<testng-results skipped="0" failed="0" total="1" passed="1">
  <reporter-output>
  </reporter-output>
  <suite name="Default suite" duration-ms="105053" started-at="2018-10-30T17:57:03Z" finished-at="2018-10-30T17:58:48Z">
    <groups>
    </groups>
    <test name="Default test" duration-ms="105053" started-at="2018-10-30T17:57:03Z" finished-at="2018-10-30T17:58:48Z">
      <class name="Goibibo_Menu.Flight">
        <test-method status="PASS" signature="FlightDetails()[pri:0, instance:Goibibo_Menu.Flight@2fd1433e]" name="FlightDetails" duration-ms="104820" started-at="2018-10-30T23:27:03Z" finished-at="2018-10-30T23:28:48Z">
          <reporter-output>
          </reporter-output>
        </test-method> <!-- FlightDetails -->
      </class> <!-- Goibibo_Menu.Flight -->
    </test> <!-- Default test -->
  </suite> <!-- Default suite -->
</testng-results>
